<?xml version="1.0" encoding="UTF-8"?>
<testsuite name="com.cognizant.tdd.ShoppingCartTest" tests="1" skipped="0" failures="0" errors="0" timestamp="2021-10-04T02:48:04" hostname="LTCA125159" time="0.035">
  <properties/>
  <testcase name="testIsEmpty()" classname="com.cognizant.tdd.ShoppingCartTest" time="0.035"/>
  <system-out><![CDATA[]]></system-out>
  <system-err><![CDATA[]]></system-err>
</testsuite>
